Running: /opt/Xilinx/14.7/ISE_DS/ISE/bin/lin64/unwrapped/fuse -intstyle ise -incremental -lib unisims_ver -lib unimacro_ver -lib xilinxcorelib_ver -o /home/frenchkt/Documents/School/Sophomore/Q1/CSSE232/mux5b16/mux5b16_mux5b16_sch_tb_isim_beh.exe -prj /home/frenchkt/Documents/School/Sophomore/Q1/CSSE232/mux5b16/mux5b16_mux5b16_sch_tb_beh.prj work.mux5b16_mux5b16_sch_tb work.glbl 
ISim P.20131013 (signature 0xfbc00daa)
Number of CPUs detected in this system: 8
Turning on mult-threading, number of parallel sub-compilation jobs: 16 
Determining compilation order of HDL files
Analyzing Verilog file "/home/frenchkt/Documents/School/Sophomore/Q1/CSSE232/mux5b16/mux5b1.vf" into library work
Analyzing Verilog file "/home/frenchkt/Documents/School/Sophomore/Q1/CSSE232/mux5b16/mux5b16.vf" into library work
Analyzing Verilog file "/home/frenchkt/Documents/School/Sophomore/Q1/CSSE232/mux5b16/mux5b16_test.v" into library work
Analyzing Verilog file "/opt/Xilinx/14.7/ISE_DS/ISE//verilog/src/glbl.v" into library work
Starting static elaboration
Completed static elaboration
Fuse Memory Usage: 94936 KB
Fuse CPU Usage: 900 ms
Compiling module AND3
Compiling module AND3B1
Compiling module OR2
Compiling module M2_1E_MXILINX_mux5b1
Compiling module MUXF5
Compiling module M4_1E_MXILINX_mux5b1
Compiling module AND2B1
Compiling module AND2
Compiling module M2_1_MXILINX_mux5b1
Compiling module mux5b1
Compiling module mux5b16
Compiling module mux5b16_mux5b16_sch_tb
Compiling module glbl
Time Resolution for simulation is 1ps.
Waiting for 2 sub-compilation(s) to finish...
Compiled 13 Verilog Units
Built simulation executable /home/frenchkt/Documents/School/Sophomore/Q1/CSSE232/mux5b16/mux5b16_mux5b16_sch_tb_isim_beh.exe
Fuse Memory Usage: 1179156 KB
Fuse CPU Usage: 950 ms
GCC CPU Usage: 650 ms
