Release 14.7 - xst P.20131013 (lin64)
Copyright (c) 1995-2013 Xilinx, Inc.  All rights reserved.
--> 
Parameter TMPDIR set to xst/projnav.tmp


Total REAL time to Xst completion: 0.00 secs
Total CPU time to Xst completion: 0.05 secs
 
--> 
Parameter xsthdpdir set to xst


Total REAL time to Xst completion: 0.00 secs
Total CPU time to Xst completion: 0.05 secs
 
--> 
Reading design: claAdde16b.prj

TABLE OF CONTENTS
  1) Synthesis Options Summary
  2) HDL Compilation
  3) Design Hierarchy Analysis
  4) HDL Analysis
  5) HDL Synthesis
     5.1) HDL Synthesis Report
  6) Advanced HDL Synthesis
     6.1) Advanced HDL Synthesis Report
  7) Low Level Synthesis
  8) Partition Report
  9) Final Report
	9.1) Device utilization summary
	9.2) Partition Resource Summary
	9.3) TIMING REPORT


=========================================================================
*                      Synthesis Options Summary                        *
=========================================================================
---- Source Parameters
Input File Name                    : "claAdde16b.prj"
Input Format                       : mixed
Ignore Synthesis Constraint File   : NO

---- Target Parameters
Output File Name                   : "claAdde16b"
Output Format                      : NGC
Target Device                      : xc3s500e-4-fg320

---- Source Options
Top Module Name                    : claAdde16b
Automatic FSM Extraction           : YES
FSM Encoding Algorithm             : Auto
Safe Implementation                : No
FSM Style                          : LUT
RAM Extraction                     : Yes
RAM Style                          : Auto
ROM Extraction                     : Yes
Mux Style                          : Auto
Decoder Extraction                 : YES
Priority Encoder Extraction        : Yes
Shift Register Extraction          : YES
Logical Shifter Extraction         : YES
XOR Collapsing                     : YES
ROM Style                          : Auto
Mux Extraction                     : Yes
Resource Sharing                   : YES
Asynchronous To Synchronous        : NO
Multiplier Style                   : Auto
Automatic Register Balancing       : No

---- Target Options
Add IO Buffers                     : YES
Global Maximum Fanout              : 100000
Add Generic Clock Buffer(BUFG)     : 24
Register Duplication               : YES
Slice Packing                      : YES
Optimize Instantiated Primitives   : NO
Use Clock Enable                   : Yes
Use Synchronous Set                : Yes
Use Synchronous Reset              : Yes
Pack IO Registers into IOBs        : Auto
Equivalent register Removal        : YES

---- General Options
Optimization Goal                  : Speed
Optimization Effort                : 1
Keep Hierarchy                     : No
Netlist Hierarchy                  : As_Optimized
RTL Output                         : Yes
Global Optimization                : AllClockNets
Read Cores                         : YES
Write Timing Constraints           : NO
Cross Clock Analysis               : NO
Hierarchy Separator                : /
Bus Delimiter                      : <>
Case Specifier                     : Maintain
Slice Utilization Ratio            : 100
BRAM Utilization Ratio             : 100
Verilog 2001                       : YES
Auto BRAM Packing                  : NO
Slice Utilization Ratio Delta      : 5

=========================================================================


=========================================================================
*                          HDL Compilation                              *
=========================================================================
Compiling verilog file "add1b.vf" in library work
Compiling verilog file "alu1b.vf" in library work
Module <add1b> compiled
Module <M2_1_MXILINX_alu1b> compiled
Module <M2_1E_MXILINX_alu1b> compiled
Module <M4_1E_MXILINX_alu1b> compiled
Module <add1b_MUSER_alu1b> compiled
Compiling verilog file "claAdder4b.vf" in library work
Module <alu1b> compiled
Module <M2_1_MXILINX_claAdder4b> compiled
Module <INV4_MXILINX_claAdder4b> compiled
Module <M2_1E_MXILINX_claAdder4b> compiled
Module <M4_1E_MXILINX_claAdder4b> compiled
Module <add1b_MUSER_claAdder4b> compiled
Module <alu1b_MUSER_claAdder4b> compiled
Compiling verilog file "claAdde16b.vf" in library work
Module <claAdder4b> compiled
Module <M2_1_MXILINX_claAdde16b> compiled
Module <INV4_MXILINX_claAdde16b> compiled
Module <M2_1E_MXILINX_claAdde16b> compiled
Module <M4_1E_MXILINX_claAdde16b> compiled
Module <add1b_MUSER_claAdde16b> compiled
Module <alu1b_MUSER_claAdde16b> compiled
Module <claAdder4b_MUSER_claAdde16b> compiled
Module <claAdde16b> compiled
No errors in compilation
Analysis of file <"claAdde16b.prj"> succeeded.
 

=========================================================================
*                     Design Hierarchy Analysis                         *
=========================================================================
Analyzing hierarchy for module <claAdde16b> in library <work>.

Analyzing hierarchy for module <claAdder4b_MUSER_claAdde16b> in library <work>.

Analyzing hierarchy for module <alu1b_MUSER_claAdde16b> in library <work>.

Analyzing hierarchy for module <INV4_MXILINX_claAdde16b> in library <work>.

Analyzing hierarchy for module <M2_1_MXILINX_claAdde16b> in library <work>.

Analyzing hierarchy for module <M2_1_MXILINX_claAdde16b> in library <work>.

Analyzing hierarchy for module <M2_1_MXILINX_claAdde16b> in library <work>.

Analyzing hierarchy for module <M2_1_MXILINX_claAdde16b> in library <work>.

Analyzing hierarchy for module <add1b_MUSER_claAdde16b> in library <work>.

Analyzing hierarchy for module <M4_1E_MXILINX_claAdde16b> in library <work>.

Analyzing hierarchy for module <M2_1_MXILINX_claAdde16b> in library <work>.

Analyzing hierarchy for module <M2_1E_MXILINX_claAdde16b> in library <work>.

Analyzing hierarchy for module <M2_1E_MXILINX_claAdde16b> in library <work>.


=========================================================================
*                            HDL Analysis                               *
=========================================================================
Analyzing top module <claAdde16b>.
Module <claAdde16b> is correct for synthesis.
 
Analyzing module <claAdder4b_MUSER_claAdde16b> in library <work>.
Module <claAdder4b_MUSER_claAdde16b> is correct for synthesis.
 
    Set user-defined property "HU_SET =  XLXI_87_8" for instance <XLXI_87> in unit <claAdder4b_MUSER_claAdde16b>.
    Set user-defined property "HU_SET =  XLXI_92_9" for instance <XLXI_92> in unit <claAdder4b_MUSER_claAdde16b>.
    Set user-defined property "HU_SET =  XLXI_93_10" for instance <XLXI_93> in unit <claAdder4b_MUSER_claAdde16b>.
    Set user-defined property "HU_SET =  XLXI_94_11" for instance <XLXI_94> in unit <claAdder4b_MUSER_claAdde16b>.
    Set user-defined property "HU_SET =  XLXI_95_12" for instance <XLXI_95> in unit <claAdder4b_MUSER_claAdde16b>.
Analyzing module <alu1b_MUSER_claAdde16b> in library <work>.
Module <alu1b_MUSER_claAdde16b> is correct for synthesis.
 
    Set user-defined property "HU_SET =  XLXI_15_7" for instance <XLXI_15> in unit <alu1b_MUSER_claAdde16b>.
    Set user-defined property "HU_SET =  XLXI_8_6" for instance <XLXI_8> in unit <alu1b_MUSER_claAdde16b>.
Analyzing module <add1b_MUSER_claAdde16b> in library <work>.
Module <add1b_MUSER_claAdde16b> is correct for synthesis.
 
Analyzing module <M4_1E_MXILINX_claAdde16b> in library <work>.
Module <M4_1E_MXILINX_claAdde16b> is correct for synthesis.
 
    Set user-defined property "HU_SET =  I_M01_5" for instance <I_M01> in unit <M4_1E_MXILINX_claAdde16b>.
    Set user-defined property "HU_SET =  I_M23_4" for instance <I_M23> in unit <M4_1E_MXILINX_claAdde16b>.
Analyzing module <M2_1E_MXILINX_claAdde16b.1> in library <work>.
Module <M2_1E_MXILINX_claAdde16b.1> is correct for synthesis.
 
Analyzing module <M2_1E_MXILINX_claAdde16b.2> in library <work>.
Module <M2_1E_MXILINX_claAdde16b.2> is correct for synthesis.
 
Analyzing module <M2_1_MXILINX_claAdde16b.5> in library <work>.
Module <M2_1_MXILINX_claAdde16b.5> is correct for synthesis.
 
Analyzing module <INV4_MXILINX_claAdde16b> in library <work>.
Module <INV4_MXILINX_claAdde16b> is correct for synthesis.
 
Analyzing module <M2_1_MXILINX_claAdde16b.1> in library <work>.
Module <M2_1_MXILINX_claAdde16b.1> is correct for synthesis.
 
Analyzing module <M2_1_MXILINX_claAdde16b.2> in library <work>.
Module <M2_1_MXILINX_claAdde16b.2> is correct for synthesis.
 
Analyzing module <M2_1_MXILINX_claAdde16b.3> in library <work>.
Module <M2_1_MXILINX_claAdde16b.3> is correct for synthesis.
 
Analyzing module <M2_1_MXILINX_claAdde16b.4> in library <work>.
Module <M2_1_MXILINX_claAdde16b.4> is correct for synthesis.
 

=========================================================================
*                           HDL Synthesis                               *
=========================================================================

Performing bidirectional port resolution...

Synthesizing Unit <INV4_MXILINX_claAdde16b>.
    Related source file is "claAdde16b.vf".
Unit <INV4_MXILINX_claAdde16b> synthesized.


Synthesizing Unit <M2_1_MXILINX_claAdde16b_1>.
    Related source file is "claAdde16b.vf".
Unit <M2_1_MXILINX_claAdde16b_1> synthesized.


Synthesizing Unit <M2_1_MXILINX_claAdde16b_2>.
    Related source file is "claAdde16b.vf".
Unit <M2_1_MXILINX_claAdde16b_2> synthesized.


Synthesizing Unit <M2_1_MXILINX_claAdde16b_3>.
    Related source file is "claAdde16b.vf".
Unit <M2_1_MXILINX_claAdde16b_3> synthesized.


Synthesizing Unit <M2_1_MXILINX_claAdde16b_4>.
    Related source file is "claAdde16b.vf".
Unit <M2_1_MXILINX_claAdde16b_4> synthesized.


Synthesizing Unit <add1b_MUSER_claAdde16b>.
    Related source file is "claAdde16b.vf".
Unit <add1b_MUSER_claAdde16b> synthesized.


Synthesizing Unit <M2_1_MXILINX_claAdde16b_5>.
    Related source file is "claAdde16b.vf".
Unit <M2_1_MXILINX_claAdde16b_5> synthesized.


Synthesizing Unit <M2_1E_MXILINX_claAdde16b_1>.
    Related source file is "claAdde16b.vf".
Unit <M2_1E_MXILINX_claAdde16b_1> synthesized.


Synthesizing Unit <M2_1E_MXILINX_claAdde16b_2>.
    Related source file is "claAdde16b.vf".
Unit <M2_1E_MXILINX_claAdde16b_2> synthesized.


Synthesizing Unit <M4_1E_MXILINX_claAdde16b>.
    Related source file is "claAdde16b.vf".
Unit <M4_1E_MXILINX_claAdde16b> synthesized.


Synthesizing Unit <alu1b_MUSER_claAdde16b>.
    Related source file is "claAdde16b.vf".
Unit <alu1b_MUSER_claAdde16b> synthesized.


Synthesizing Unit <claAdder4b_MUSER_claAdde16b>.
    Related source file is "claAdde16b.vf".
Unit <claAdder4b_MUSER_claAdde16b> synthesized.


Synthesizing Unit <claAdde16b>.
    Related source file is "claAdde16b.vf".
Unit <claAdde16b> synthesized.


=========================================================================
HDL Synthesis Report

Found no macro
=========================================================================

=========================================================================
*                       Advanced HDL Synthesis                          *
=========================================================================


=========================================================================
Advanced HDL Synthesis Report

Found no macro
=========================================================================

=========================================================================
*                         Low Level Synthesis                           *
=========================================================================

Optimizing unit <claAdde16b> ...

Optimizing unit <INV4_MXILINX_claAdde16b> ...

Optimizing unit <M2_1_MXILINX_claAdde16b_1> ...

Optimizing unit <M2_1_MXILINX_claAdde16b_2> ...

Optimizing unit <M2_1_MXILINX_claAdde16b_3> ...

Optimizing unit <M2_1_MXILINX_claAdde16b_4> ...

Optimizing unit <add1b_MUSER_claAdde16b> ...

Optimizing unit <M2_1_MXILINX_claAdde16b_5> ...

Optimizing unit <M2_1E_MXILINX_claAdde16b_1> ...

Optimizing unit <M2_1E_MXILINX_claAdde16b_2> ...

Optimizing unit <M4_1E_MXILINX_claAdde16b> ...

Optimizing unit <claAdder4b_MUSER_claAdde16b> ...

Mapping all equations...
Building and optimizing final netlist ...
Found area constraint ratio of 100 (+ 5) on block claAdde16b, actual ratio is 0.

Final Macro Processing ...

=========================================================================
Final Register Report

Found no macro
=========================================================================

=========================================================================
*                           Partition Report                            *
=========================================================================

Partition Implementation Status
-------------------------------

  No Partitions were found in this design.

-------------------------------

=========================================================================
*                            Final Report                               *
=========================================================================
Final Results
RTL Top Level Output File Name     : claAdde16b.ngr
Top Level Output File Name         : claAdde16b
Output Format                      : NGC
Optimization Goal                  : Speed
Keep Hierarchy                     : No

Design Statistics
# IOs                              : 54

Cell Usage :
# BELS                             : 578
#      AND2                        : 162
#      AND2B1                      : 32
#      AND3                        : 96
#      AND3B1                      : 32
#      AND4                        : 5
#      GND                         : 1
#      INV                         : 80
#      MUXF5                       : 16
#      OR2                         : 101
#      OR3                         : 21
#      OR4                         : 25
#      OR5                         : 5
#      VCC                         : 1
#      XOR2                        : 1
# IO Buffers                       : 54
#      IBUF                        : 35
#      OBUF                        : 19
# Logical                          : 4
#      NOR4                        : 4
=========================================================================

Device utilization summary:
---------------------------

Selected Device : 3s500efg320-4 

 Number of Slices:                       40  out of   4656     0%  
 Number of 4 input LUTs:                 80  out of   9312     0%  
 Number of IOs:                          54
 Number of bonded IOBs:                  54  out of    232    23%  

---------------------------
Partition Resource Summary:
---------------------------

  No Partitions were found in this design.

---------------------------


=========================================================================
TIMING REPORT

NOTE: THESE TIMING NUMBERS ARE ONLY A SYNTHESIS ESTIMATE.
      FOR ACCURATE TIMING INFORMATION PLEASE REFER TO THE TRACE REPORT
      GENERATED AFTER PLACE-and-ROUTE.

Clock Information:
------------------
No clock signals found in this design

Asynchronous Control Signals Information:
----------------------------------------
No asynchronous control signals found in this design

Timing Summary:
---------------
Speed Grade: -4

   Minimum period: No path found
   Minimum input arrival time before clock: No path found
   Maximum output required time after clock: No path found
   Maximum combinational path delay: 31.086ns

Timing Detail:
--------------
All values displayed in nanoseconds (ns)

=========================================================================
Timing constraint: Default path analysis
  Total number of paths / destination ports: 26498 / 19
-------------------------------------------------------------------------
Delay:               31.086ns (Levels of Logic = 29)
  Source:            b<1> (PAD)
  Destination:       zero (PAD)

  Data Path: b<1> to zero
                                Gate     Net
    Cell:in->out      fanout   Delay   Delay  Logical Name (Net Name)
    ----------------------------------------  ------------
     IBUF:I->O             4   1.218   0.587  b_1_IBUF (b_1_IBUF)
     begin scope: 'XLXI_2/XLXI_87'
     INV:I->O              1   0.704   0.420  I_36_38 (O2)
     end scope: 'XLXI_2/XLXI_87'
     begin scope: 'XLXI_2/XLXI_93'
     AND2:I0->O            1   0.704   0.420  I_36_9 (M1)
     OR2:I0->O             2   0.704   0.447  I_36_8 (O)
     end scope: 'XLXI_2/XLXI_93'
     OR2:I0->O             3   0.704   0.531  XLXI_2/XLXI_48 (XLXI_2/p1)
     AND2:I1->O            2   0.704   0.447  XLXI_2/XLXI_51 (XLXI_2/p1g0)
     AND2:I0->O            2   0.704   0.447  XLXI_2/XLXI_65 (XLXI_2/p2p1g0)
     AND2:I0->O            2   0.704   0.447  XLXI_2/XLXI_70 (XLXI_2/p3p2p1g0)
     OR4:I0->O             2   0.704   0.447  XLXI_2/XLXI_74 (G0)
     AND2:I0->O            2   0.704   0.447  XLXI_8 (P1G0)
     AND2:I0->O            2   0.704   0.447  XLXI_12 (P2P1G0)
     OR4:I1->O             6   0.704   0.669  XLXI_18 (C3)
     AND2:I1->O            2   0.704   0.447  XLXI_5/XLXI_41 (XLXI_5/p0c0)
     AND2:I0->O            2   0.704   0.447  XLXI_5/XLXI_57 (XLXI_5/p1p0c0)
     AND2:I0->O            2   0.704   0.447  XLXI_5/XLXI_66 (XLXI_5/p2p1p0c0)
     OR4:I0->O             6   0.704   0.669  XLXI_5/XLXI_67 (XLXN_29)
     INV:I->O              2   0.704   0.447  XLXI_5/XLXI_83/XLXI_3/XLXI_35 (XLXI_5/XLXI_83/XLXI_3/cinot)
     AND3:I2->O            1   0.704   0.420  XLXI_5/XLXI_83/XLXI_3/XLXI_7 (XLXI_5/XLXI_83/XLXI_3/XLXN_13)
     OR4:I1->O             2   0.704   0.447  XLXI_5/XLXI_83/XLXI_3/XLXI_9 (XLXI_5/XLXN_39)
     begin scope: 'XLXI_5/XLXI_78/XLXI_8'
     begin scope: 'I_M23'
     AND3:I0->O            1   0.704   0.420  I_36_30 (M1)
     OR2:I0->O             1   0.704   0.000  I_36_38 (O)
     end scope: 'I_M23'
     MUXF5:I1->O           2   0.321   0.447  I_O (O)
     end scope: 'XLXI_5/XLXI_78/XLXI_8'
     NOR4:I3->O            1   0.704   0.420  XLXI_5/XLXI_85 (Z3)
     AND4:I0->O            1   0.704   0.420  XLXI_28 (zero_OBUF)
     OBUF:I->O                 3.272          zero_OBUF (zero)
    ----------------------------------------
    Total                     31.086ns (20.299ns logic, 10.787ns route)
                                       (65.3% logic, 34.7% route)

=========================================================================


Total REAL time to Xst completion: 4.00 secs
Total CPU time to Xst completion: 3.46 secs
 
--> 


Total memory usage is 524240 kilobytes

Number of errors   :    0 (   0 filtered)
Number of warnings :    0 (   0 filtered)
Number of infos    :    0 (   0 filtered)

