Running: /opt/Xilinx/14.7/ISE_DS/ISE/bin/lin64/unwrapped/fuse -intstyle ise -incremental -lib unisims_ver -lib unimacro_ver -lib xilinxcorelib_ver -o /home/lamd/Documents/csse232/1516a-csse232-frenchkt-knightcm-lamd-peterseo/cla/claAdde16b_claAdde16b_sch_tb_isim_beh.exe -prj /home/lamd/Documents/csse232/1516a-csse232-frenchkt-knightcm-lamd-peterseo/cla/claAdde16b_claAdde16b_sch_tb_beh.prj work.claAdde16b_claAdde16b_sch_tb work.glbl 
ISim P.20131013 (signature 0xfbc00daa)
Number of CPUs detected in this system: 8
Turning on mult-threading, number of parallel sub-compilation jobs: 16 
Determining compilation order of HDL files
Analyzing Verilog file "/home/lamd/Documents/csse232/1516a-csse232-frenchkt-knightcm-lamd-peterseo/cla/add1b.vf" into library work
Analyzing Verilog file "/home/lamd/Documents/csse232/1516a-csse232-frenchkt-knightcm-lamd-peterseo/cla/claAdder4b.vf" into library work
Analyzing Verilog file "/home/lamd/Documents/csse232/1516a-csse232-frenchkt-knightcm-lamd-peterseo/cla/claAdde16b.vf" into library work
Analyzing Verilog file "/home/lamd/Documents/csse232/1516a-csse232-frenchkt-knightcm-lamd-peterseo/cla/claAdder16b_tb.v" into library work
Analyzing Verilog file "/opt/Xilinx/14.7/ISE_DS/ISE//verilog/src/glbl.v" into library work
Starting static elaboration
Completed static elaboration
Fuse Memory Usage: 95028 KB
Fuse CPU Usage: 950 ms
Compiling module AND3
Compiling module INV
Compiling module OR4
Compiling module add1b_MUSER_claAdde16b
Compiling module AND2
Compiling module OR2
Compiling module OR3
Compiling module AND4
Compiling module claAdder4b_MUSER_claAdde16b
Compiling module OR5
Compiling module claAdde16b
Compiling module claAdde16b_claAdde16b_sch_tb
Compiling module glbl
Time Resolution for simulation is 1ps.
Compiled 13 Verilog Units
Built simulation executable /home/lamd/Documents/csse232/1516a-csse232-frenchkt-knightcm-lamd-peterseo/cla/claAdde16b_claAdde16b_sch_tb_isim_beh.exe
Fuse Memory Usage: 1179256 KB
Fuse CPU Usage: 1000 ms
GCC CPU Usage: 690 ms
