ISim log file
Running: /home/lamd/Documents/csse232/1516a-csse232-frenchkt-knightcm-lamd-peterseo/cla/claAdde16b_claAdde16b_sch_tb_isim_beh.exe -intstyle ise -gui -tclbatch isim.cmd -wdb /home/lamd/Documents/csse232/1516a-csse232-frenchkt-knightcm-lamd-peterseo/cla/claAdde16b_claAdde16b_sch_tb_isim_beh.wdb 
ISim P.20131013 (signature 0xfbc00daa)
----------------------------------------------------------------------
INFO:Security:50 - The XILINXD_LICENSE_FILE environment variable is set to '2100@clive.csse.rose-hulman.edu'.
INFO:Security:53 - The LM_LICENSE_FILE environment variable is not set.
WARNING:Security:43 - No license file was found in the standard Xilinx license directory.
WARNING:Security:44 - Since no license file was found,
       please run the Xilinx License Configuration Manager
       (xlcm or "Manage Xilinx Licenses")
       to assist in obtaining a license.
WARNING:Security:42 - Your software subscription period has lapsed. Your current version of Xilinx tools will continue to function, but you no longer qualify for Xilinx software updates or new releases.


----------------------------------------------------------------------
This is a Full version of ISim.
Time resolution is 1 ps
# onerror resume
# wave add /
# run 1000 ns
Simulator is doing circuit initialization process.
Finished circuit initialization process.
Add Test Passed 01
Add Test Passed 02
Add Test Passed 03
Overflow Test Passed 01
Overflow Test Passed 02
Overflow Test Passed 03
And Test Passed 01
And Test Passed 02
Zero Test Passed 01
Sub Test Passed 01
Zero Test Passed 02
Sub Test Passed 02
# run all
Or Test Passed 01
Or Test Passed 02
Stopped at time : 1200 ns :  in File "/home/lamd/Documents/csse232/1516a-csse232-frenchkt-knightcm-lamd-peterseo/cla/claAdder16b_tb_01.v" Line 179 
# exit 0
