Running: /opt/Xilinx/14.7/ISE_DS/ISE/bin/lin64/unwrapped/fuse -intstyle ise -incremental -lib unisims_ver -lib unimacro_ver -lib xilinxcorelib_ver -o /home/frenchkt/Documents/School/Sophomore/Q1/CSSE232/mux3b1/mux3b1_mux3b1_sch_tb_isim_beh.exe -prj /home/frenchkt/Documents/School/Sophomore/Q1/CSSE232/mux3b1/mux3b1_mux3b1_sch_tb_beh.prj work.mux3b1_mux3b1_sch_tb work.glbl 
ISim P.20131013 (signature 0xfbc00daa)
Number of CPUs detected in this system: 8
Turning on mult-threading, number of parallel sub-compilation jobs: 16 
Determining compilation order of HDL files
Analyzing Verilog file "/home/frenchkt/Documents/School/Sophomore/Q1/CSSE232/mux3b1/mux3b1.vf" into library work
Analyzing Verilog file "/home/frenchkt/Documents/School/Sophomore/Q1/CSSE232/mux3b1/mux3b1_test.v" into library work
Analyzing Verilog file "/opt/Xilinx/14.7/ISE_DS/ISE//verilog/src/glbl.v" into library work
Starting static elaboration
Completed static elaboration
Fuse Memory Usage: 94636 KB
Fuse CPU Usage: 980 ms
Compiling module OR2
Compiling module AND2
Compiling module INV
Compiling module NAND2
Compiling module NAND3
Compiling module mux3b1
Compiling module mux3b1_mux3b1_sch_tb
Compiling module glbl
Time Resolution for simulation is 1ps.
Compiled 8 Verilog Units
Built simulation executable /home/frenchkt/Documents/School/Sophomore/Q1/CSSE232/mux3b1/mux3b1_mux3b1_sch_tb_isim_beh.exe
Fuse Memory Usage: 1179092 KB
Fuse CPU Usage: 1010 ms
GCC CPU Usage: 390 ms
